Compiling the CUDA compiler identification source file "CMakeCUDACompilerId.cu" failed.
Compiler: C:/Program Files/NVIDIA GPU Computing Toolkit/CUDA/v11.3/bin/nvcc.exe 
Build flags: -D_WINDOWS;-Xcompiler="/W3;/GR;/EHsc"
Id flags:  -v;--keep;--keep-dir;tmp

The output was:
1
nvcc fatal   : Stray '"' character


Compiling the CUDA compiler identification source file "CMakeCUDACompilerId.cu" failed.
Compiler: C:/Program Files/NVIDIA GPU Computing Toolkit/CUDA/v11.3/bin/nvcc.exe 
Build flags: -D_WINDOWS;-Xcompiler="/W3;/GR;/EHsc"
Id flags:  -v;--keep;--keep-dir;tmp

The output was:
1
nvcc fatal   : Stray '"' character


Compiling the CUDA compiler identification source file "CMakeCUDACompilerId.cu" failed.
Compiler: C:/Program Files/NVIDIA GPU Computing Toolkit/CUDA/v11.3/bin/nvcc.exe 
Build flags: -D_WINDOWS;-Xcompiler="/W3;/GR;/EHsc"
Id flags:  -v;--keep;--keep-dir;tmp

The output was:
1
nvcc fatal   : Stray '"' character


